#
# There is insufficient memory for the Java Runtime Environment to continue.
# Native memory allocation (malloc) failed to allocate 701776 bytes for Chunk::new
# Possible reasons:
#   The system is out of physical RAM or swap space
#   The process is running with CompressedOops enabled, and the Java Heap may be blocking the growth of the native heap
# Possible solutions:
#   Reduce memory load on the system
#   Increase physical memory or swap space
#   Check if swap backing store is full
#   Decrease Java heap size (-Xmx/-Xms)
#   Decrease number of Java threads
#   Decrease Java thread stack sizes (-Xss)
#   Set larger code cache with -XX:ReservedCodeCacheSize=
#   JVM is running with Unscaled Compressed Oops mode in which the Java heap is
#     placed in the first 4GB address space. The Java Heap base address is the
#     maximum limit for the native heap growth. Please use -XX:HeapBaseMinAddress
#     to set the Java Heap base and to place the Java Heap above 4GB virtual address.
# This output file may be truncated or incomplete.
#
#  Out of Memory Error (./open/src/hotspot/share/memory/arena.cpp:197), pid=17140, tid=18160
#
# JRE version: Java(TM) SE Runtime Environment 18.9 (11.0.18+9) (build 11.0.18+9-LTS-195)
# Java VM: Java HotSpot(TM) 64-Bit Server VM 18.9 (11.0.18+9-LTS-195, mixed mode, tiered, compressed oops, g1 gc, windows-amd64)
# No core dump will be written. Minidumps are not enabled by default on client versions of Windows
#

---------------  S U M M A R Y ------------

Command Line: -Dorg.gradle.internal.worker.tmpdir=C:\Users\user\Desktop\reto1\build\tmp\test\work -Dorg.gradle.native=false -Xmx512m -Dfile.encoding=windows-1252 -Duser.country=CO -Duser.language=es -Duser.variant -ea worker.org.gradle.process.internal.worker.GradleWorkerMain 'Gradle Test Executor 6'

Host: 11th Gen Intel(R) Core(TM) i5-1135G7 @ 2.40GHz, 8 cores, 7G,  Windows 11 , 64 bit Build 22621 (10.0.22621.1635)
Time: Fri May 26 16:20:31 2023 Hora est. Pacífico, Sudamérica elapsed time: 7.134975 seconds (0d 0h 0m 7s)

---------------  T H R E A D  ---------------

Current thread (0x000001bc2e42e000):  JavaThread "C2 CompilerThread0" daemon [_thread_in_native, id=18160, stack(0x000000a9e4200000,0x000000a9e4300000)]


Current CompileTask:
C2:   7135 5991       4       java.util.regex.Pattern::compile (498 bytes)

Stack: [0x000000a9e4200000,0x000000a9e4300000]
Native frames: (J=compiled Java code, j=interpreted, Vv=VM code, C=native code)
V  [jvm.dll+0x65d8aa]
V  [jvm.dll+0x79fc1f]
V  [jvm.dll+0x7a12e9]
V  [jvm.dll+0x7a1983]
V  [jvm.dll+0x2585b5]
V  [jvm.dll+0xb284c]
V  [jvm.dll+0xb2e0c]
V  [jvm.dll+0x365ddf]
V  [jvm.dll+0x32eb15]
V  [jvm.dll+0x32defa]
V  [jvm.dll+0x2113ad]
V  [jvm.dll+0x210378]
V  [jvm.dll+0x18c641]
V  [jvm.dll+0x220609]
V  [jvm.dll+0x21e92c]
V  [jvm.dll+0x763f61]
V  [jvm.dll+0x75c924]
V  [jvm.dll+0x65c755]
C  [ucrtbase.dll+0x29363]
C  [KERNEL32.DLL+0x126ad]
C  [ntdll.dll+0x5a9f8]


---------------  P R O C E S S  ---------------

Threads class SMR info:
_java_thread_list=0x000001bc34565160, length=32, elements={
0x000001bc13cd8000, 0x000001bc2e408800, 0x000001bc2e414000, 0x000001bc2e427800,
0x000001bc2e429000, 0x000001bc2e42b000, 0x000001bc2e42e000, 0x000001bc2e431000,
0x000001bc2e432800, 0x000001bc2f059800, 0x000001bc2fef9800, 0x000001bc300e9000,
0x000001bc30205000, 0x000001bc31bd1000, 0x000001bc31c69000, 0x000001bc3141b800,
0x000001bc31764000, 0x000001bc3149e800, 0x000001bc314ad800, 0x000001bc3186e800,
0x000001bc3186f800, 0x000001bc3186d800, 0x000001bc34848000, 0x000001bc34849000,
0x000001bc34846800, 0x000001bc34843800, 0x000001bc3484a000, 0x000001bc34845800,
0x000001bc34844000, 0x000001bc34845000, 0x000001bc3484b800, 0x000001bc345fc800
}

Java Threads: ( => current thread )
  0x000001bc13cd8000 JavaThread "Test worker" [_thread_in_native, id=6620, stack(0x000000a9e3600000,0x000000a9e3700000)]
  0x000001bc2e408800 JavaThread "Reference Handler" daemon [_thread_blocked, id=7704, stack(0x000000a9e3d00000,0x000000a9e3e00000)]
  0x000001bc2e414000 JavaThread "Finalizer" daemon [_thread_blocked, id=17924, stack(0x000000a9e3e00000,0x000000a9e3f00000)]
  0x000001bc2e427800 JavaThread "Signal Dispatcher" daemon [_thread_blocked, id=17448, stack(0x000000a9e3f00000,0x000000a9e4000000)]
  0x000001bc2e429000 JavaThread "Attach Listener" daemon [_thread_blocked, id=6152, stack(0x000000a9e4000000,0x000000a9e4100000)]
  0x000001bc2e42b000 JavaThread "Service Thread" daemon [_thread_blocked, id=16892, stack(0x000000a9e4100000,0x000000a9e4200000)]
=>0x000001bc2e42e000 JavaThread "C2 CompilerThread0" daemon [_thread_in_native, id=18160, stack(0x000000a9e4200000,0x000000a9e4300000)]
  0x000001bc2e431000 JavaThread "C1 CompilerThread0" daemon [_thread_blocked, id=11488, stack(0x000000a9e4300000,0x000000a9e4400000)]
  0x000001bc2e432800 JavaThread "Sweeper thread" daemon [_thread_blocked, id=2020, stack(0x000000a9e4400000,0x000000a9e4500000)]
  0x000001bc2f059800 JavaThread "Common-Cleaner" daemon [_thread_blocked, id=1768, stack(0x000000a9e4600000,0x000000a9e4700000)]
  0x000001bc2fef9800 JavaThread "/127.0.0.1:64443 to /127.0.0.1:64440 workers" [_thread_blocked, id=10412, stack(0x000000a9e4b00000,0x000000a9e4c00000)]
  0x000001bc300e9000 JavaThread "/127.0.0.1:64443 to /127.0.0.1:64440 workers Thread 2" [_thread_blocked, id=1224, stack(0x000000a9e4c00000,0x000000a9e4d00000)]
  0x000001bc30205000 JavaThread "/127.0.0.1:64443 to /127.0.0.1:64440 workers Thread 3" [_thread_in_native, id=10408, stack(0x000000a9e4d00000,0x000000a9e4e00000)]
  0x000001bc31bd1000 JavaThread "ForkJoinPool.commonPool-worker-3" daemon [_thread_blocked, id=7528, stack(0x000000a9e5500000,0x000000a9e5600000)]
  0x000001bc31c69000 JavaThread "ForkJoinPool.commonPool-worker-5" daemon [_thread_blocked, id=17588, stack(0x000000a9e5600000,0x000000a9e5700000)]
  0x000001bc3141b800 JavaThread "ForkJoinPool.commonPool-worker-7" daemon [_thread_blocked, id=10608, stack(0x000000a9e5700000,0x000000a9e5800000)]
  0x000001bc31764000 JavaThread "ForkJoinPool.commonPool-worker-9" daemon [_thread_blocked, id=10972, stack(0x000000a9e5800000,0x000000a9e5900000)]
  0x000001bc3149e800 JavaThread "ForkJoinPool.commonPool-worker-11" daemon [_thread_blocked, id=908, stack(0x000000a9e5900000,0x000000a9e5a00000)]
  0x000001bc314ad800 JavaThread "ForkJoinPool.commonPool-worker-15" daemon [_thread_blocked, id=18556, stack(0x000000a9e5a00000,0x000000a9e5b00000)]
  0x000001bc3186e800 JavaThread "ForkJoinPool.commonPool-worker-13" daemon [_thread_blocked, id=900, stack(0x000000a9e5b00000,0x000000a9e5c00000)]
  0x000001bc3186f800 JavaThread "AsyncHttpClient-1-1" daemon [_thread_blocked, id=11132, stack(0x000000a9e5c00000,0x000000a9e5d00000)]
  0x000001bc3186d800 JavaThread "Exec Default Executor" daemon [_thread_in_native, id=1368, stack(0x000000a9e5d00000,0x000000a9e5e00000)]
  0x000001bc34848000 JavaThread "Exec Stream Pumper" daemon [_thread_in_native, id=13380, stack(0x000000a9e5e00000,0x000000a9e5f00000)]
  0x000001bc34849000 JavaThread "Exec Stream Pumper" daemon [_thread_in_native, id=14048, stack(0x000000a9e5f00000,0x000000a9e6000000)]
  0x000001bc34846800 JavaThread "Driver Service Executor" daemon [_thread_blocked, id=1608, stack(0x000000a9e6000000,0x000000a9e6100000)]
  0x000001bc34843800 JavaThread "Driver Service Executor" daemon [_thread_blocked, id=3644, stack(0x000000a9e6100000,0x000000a9e6200000)]
  0x000001bc3484a000 JavaThread "UrlChecker-2" daemon [_thread_blocked, id=8184, stack(0x000000a9e6200000,0x000000a9e6300000)]
  0x000001bc34845800 JavaThread "Keep-Alive-Timer" daemon [_thread_blocked, id=1544, stack(0x000000a9e6300000,0x000000a9e6400000)]
  0x000001bc34844000 JavaThread "AsyncHttpClient-1-2" daemon [_thread_in_native, id=5488, stack(0x000000a9e4700000,0x000000a9e4800000)]
  0x000001bc34845000 JavaThread "AsyncHttpClient-1-3" daemon [_thread_in_native, id=15280, stack(0x000000a9e6400000,0x000000a9e6500000)]
  0x000001bc3484b800 JavaThread "AsyncHttpClient-1-4" daemon [_thread_in_native, id=13276, stack(0x000000a9e6500000,0x000000a9e6600000)]
  0x000001bc345fc800 JavaThread "C2 CompilerThread1" daemon [_thread_in_native, id=4328, stack(0x000000a9e6600000,0x000000a9e6700000)]

Other Threads:
  0x000001bc2e406800 VMThread "VM Thread" [stack: 0x000000a9e3c00000,0x000000a9e3d00000] [id=14516]
  0x000001bc2f05b000 WatcherThread [stack: 0x000000a9e4500000,0x000000a9e4600000] [id=10880]
  0x000001bc13ced000 GCTaskThread "GC Thread#0" [stack: 0x000000a9e3700000,0x000000a9e3800000] [id=8996]
  0x000001bc2f377800 GCTaskThread "GC Thread#1" [stack: 0x000000a9e4900000,0x000000a9e4a00000] [id=15268]
  0x000001bc30030000 GCTaskThread "GC Thread#2" [stack: 0x000000a9e4e00000,0x000000a9e4f00000] [id=17368]
  0x000001bc2ff0a800 GCTaskThread "GC Thread#3" [stack: 0x000000a9e4f00000,0x000000a9e5000000] [id=11756]
  0x000001bc2ff0b000 GCTaskThread "GC Thread#4" [stack: 0x000000a9e5000000,0x000000a9e5100000] [id=13504]
  0x000001bc30694800 GCTaskThread "GC Thread#5" [stack: 0x000000a9e5100000,0x000000a9e5200000] [id=18764]
  0x000001bc30695800 GCTaskThread "GC Thread#6" [stack: 0x000000a9e5200000,0x000000a9e5300000] [id=14524]
  0x000001bc30696000 GCTaskThread "GC Thread#7" [stack: 0x000000a9e5300000,0x000000a9e5400000] [id=16700]
  0x000001bc13cff000 ConcurrentGCThread "G1 Main Marker" [stack: 0x000000a9e3800000,0x000000a9e3900000] [id=8108]
  0x000001bc13d01000 ConcurrentGCThread "G1 Conc#0" [stack: 0x000000a9e3900000,0x000000a9e3a00000] [id=19444]
  0x000001bc31e93800 ConcurrentGCThread "G1 Conc#1" [stack: 0x000000a9e5400000,0x000000a9e5500000] [id=18916]
  0x000001bc2e250800 ConcurrentGCThread "G1 Refine#0" [stack: 0x000000a9e3a00000,0x000000a9e3b00000] [id=17608]
  0x000001bc2f0db800 ConcurrentGCThread "G1 Refine#1" [stack: 0x000000a9e4a00000,0x000000a9e4b00000] [id=18636]
  0x000001bc2e251000 ConcurrentGCThread "G1 Young RemSet Sampling" [stack: 0x000000a9e3b00000,0x000000a9e3c00000] [id=10640]

Threads with active compile tasks:
C2 CompilerThread0     7161 5991       4       java.util.regex.Pattern::compile (498 bytes)
C2 CompilerThread1     7161 6008       4       java.util.regex.Pattern::range (292 bytes)

VM state:not at safepoint (normal execution)

VM Mutex/Monitor currently owned by a thread: None

Heap address: 0x00000000e0000000, size: 512 MB, Compressed Oops mode: 32-bit
Narrow klass base: 0x0000000000000000, Narrow klass shift: 3
Compressed class space size: 1073741824 Address: 0x0000000100000000

Heap:
 garbage-first heap   total 126976K, used 76896K [0x00000000e0000000, 0x0000000100000000)
  region size 1024K, 52 young (53248K), 9 survivors (9216K)
 Metaspace       used 53200K, capacity 54685K, committed 54856K, reserved 1097728K
  class space    used 6820K, capacity 7413K, committed 7424K, reserved 1048576K
Heap Regions: E=young(eden), S=young(survivor), O=old, HS=humongous(starts), HC=humongous(continues), CS=collection set, F=free, A=archive, TAMS=top-at-mark-start (previous, next)
|   0|0x00000000e0000000, 0x00000000e0100000, 0x00000000e0100000|100%|HS|  |TAMS 0x00000000e0100000, 0x00000000e0000000| Complete 
|   1|0x00000000e0100000, 0x00000000e0200000, 0x00000000e0200000|100%| O|  |TAMS 0x00000000e0200000, 0x00000000e0100000| Untracked 
|   2|0x00000000e0200000, 0x00000000e0300000, 0x00000000e0300000|100%| O|  |TAMS 0x00000000e0300000, 0x00000000e0200000| Untracked 
|   3|0x00000000e0300000, 0x00000000e0400000, 0x00000000e0400000|100%| O|  |TAMS 0x00000000e0400000, 0x00000000e0300000| Untracked 
|   4|0x00000000e0400000, 0x00000000e0500000, 0x00000000e0500000|100%| O|  |TAMS 0x00000000e0500000, 0x00000000e0400000| Untracked 
|   5|0x00000000e0500000, 0x00000000e0600000, 0x00000000e0600000|100%| O|  |TAMS 0x00000000e0600000, 0x00000000e0500000| Untracked 
|   6|0x00000000e0600000, 0x00000000e0700000, 0x00000000e0700000|100%| O|  |TAMS 0x00000000e0700000, 0x00000000e0600000| Untracked 
|   7|0x00000000e0700000, 0x00000000e0800000, 0x00000000e0800000|100%| O|  |TAMS 0x00000000e0800000, 0x00000000e0700000| Untracked 
|   8|0x00000000e0800000, 0x00000000e0900000, 0x00000000e0900000|100%| O|  |TAMS 0x00000000e0900000, 0x00000000e0800000| Untracked 
|   9|0x00000000e0900000, 0x00000000e0a00000, 0x00000000e0a00000|100%| O|  |TAMS 0x00000000e0a00000, 0x00000000e0900000| Untracked 
|  10|0x00000000e0a00000, 0x00000000e0b00000, 0x00000000e0b00000|100%| O|  |TAMS 0x00000000e0b00000, 0x00000000e0a00000| Untracked 
|  11|0x00000000e0b00000, 0x00000000e0c00000, 0x00000000e0c00000|100%| O|  |TAMS 0x00000000e0c00000, 0x00000000e0b00000| Untracked 
|  12|0x00000000e0c00000, 0x00000000e0d00000, 0x00000000e0d00000|100%| O|  |TAMS 0x00000000e0d00000, 0x00000000e0c00000| Untracked 
|  13|0x00000000e0d00000, 0x00000000e0e00000, 0x00000000e0e00000|100%| O|  |TAMS 0x00000000e0e00000, 0x00000000e0d00000| Untracked 
|  14|0x00000000e0e00000, 0x00000000e0f00000, 0x00000000e0f00000|100%| O|  |TAMS 0x00000000e0f00000, 0x00000000e0e00000| Untracked 
|  15|0x00000000e0f00000, 0x00000000e1000000, 0x00000000e1000000|100%| O|  |TAMS 0x00000000e0f3b800, 0x00000000e0f00000| Untracked 
|  16|0x00000000e1000000, 0x00000000e1100000, 0x00000000e1100000|100%| O|  |TAMS 0x00000000e1000000, 0x00000000e1000000| Untracked 
|  17|0x00000000e1100000, 0x00000000e1200000, 0x00000000e1200000|100%| O|  |TAMS 0x00000000e1100000, 0x00000000e1100000| Untracked 
|  18|0x00000000e1200000, 0x00000000e1300000, 0x00000000e1300000|100%| O|  |TAMS 0x00000000e1200000, 0x00000000e1200000| Untracked 
|  19|0x00000000e1300000, 0x00000000e133c200, 0x00000000e1400000| 23%| O|  |TAMS 0x00000000e1300000, 0x00000000e1300000| Untracked 
|  20|0x00000000e1400000, 0x00000000e1500000, 0x00000000e1500000|100%|HS|  |TAMS 0x00000000e1400000, 0x00000000e1400000| Complete 
|  21|0x00000000e1500000, 0x00000000e1600000, 0x00000000e1600000|100%|HC|  |TAMS 0x00000000e1500000, 0x00000000e1500000| Complete 
|  22|0x00000000e1600000, 0x00000000e1700000, 0x00000000e1700000|100%|HC|  |TAMS 0x00000000e1600000, 0x00000000e1600000| Complete 
|  23|0x00000000e1700000, 0x00000000e1800000, 0x00000000e1800000|100%|HC|  |TAMS 0x00000000e1700000, 0x00000000e1700000| Complete 
|  24|0x00000000e1800000, 0x00000000e1900000, 0x00000000e1900000|100%|HC|  |TAMS 0x00000000e1800000, 0x00000000e1800000| Complete 
|  25|0x00000000e1900000, 0x00000000e1900000, 0x00000000e1a00000|  0%| F|  |TAMS 0x00000000e1900000, 0x00000000e1900000| Untracked 
|  26|0x00000000e1a00000, 0x00000000e1a00000, 0x00000000e1b00000|  0%| F|  |TAMS 0x00000000e1a00000, 0x00000000e1a00000| Untracked 
|  27|0x00000000e1b00000, 0x00000000e1b00000, 0x00000000e1c00000|  0%| F|  |TAMS 0x00000000e1b00000, 0x00000000e1b00000| Untracked 
|  28|0x00000000e1c00000, 0x00000000e1c00000, 0x00000000e1d00000|  0%| F|  |TAMS 0x00000000e1c00000, 0x00000000e1c00000| Untracked 
|  29|0x00000000e1d00000, 0x00000000e1d00000, 0x00000000e1e00000|  0%| F|  |TAMS 0x00000000e1d00000, 0x00000000e1d00000| Untracked 
|  30|0x00000000e1e00000, 0x00000000e1e00000, 0x00000000e1f00000|  0%| F|  |TAMS 0x00000000e1e00000, 0x00000000e1e00000| Untracked 
|  31|0x00000000e1f00000, 0x00000000e1f00000, 0x00000000e2000000|  0%| F|  |TAMS 0x00000000e1f00000, 0x00000000e1f00000| Untracked 
|  32|0x00000000e2000000, 0x00000000e2000000, 0x00000000e2100000|  0%| F|  |TAMS 0x00000000e2000000, 0x00000000e2000000| Untracked 
|  33|0x00000000e2100000, 0x00000000e2100000, 0x00000000e2200000|  0%| F|  |TAMS 0x00000000e2100000, 0x00000000e2100000| Untracked 
|  34|0x00000000e2200000, 0x00000000e2200000, 0x00000000e2300000|  0%| F|  |TAMS 0x00000000e2200000, 0x00000000e2200000| Untracked 
|  35|0x00000000e2300000, 0x00000000e2300000, 0x00000000e2400000|  0%| F|  |TAMS 0x00000000e2300000, 0x00000000e2300000| Untracked 
|  36|0x00000000e2400000, 0x00000000e2400000, 0x00000000e2500000|  0%| F|  |TAMS 0x00000000e2400000, 0x00000000e2400000| Untracked 
|  37|0x00000000e2500000, 0x00000000e2500000, 0x00000000e2600000|  0%| F|  |TAMS 0x00000000e2500000, 0x00000000e2500000| Untracked 
|  38|0x00000000e2600000, 0x00000000e2600000, 0x00000000e2700000|  0%| F|  |TAMS 0x00000000e2600000, 0x00000000e2600000| Untracked 
|  39|0x00000000e2700000, 0x00000000e2700000, 0x00000000e2800000|  0%| F|  |TAMS 0x00000000e2700000, 0x00000000e2700000| Untracked 
|  40|0x00000000e2800000, 0x00000000e2800000, 0x00000000e2900000|  0%| F|  |TAMS 0x00000000e2800000, 0x00000000e2800000| Untracked 
|  41|0x00000000e2900000, 0x00000000e2900000, 0x00000000e2a00000|  0%| F|  |TAMS 0x00000000e2900000, 0x00000000e2900000| Untracked 
|  42|0x00000000e2a00000, 0x00000000e2adc078, 0x00000000e2b00000| 85%| S|CS|TAMS 0x00000000e2a00000, 0x00000000e2a00000| Complete 
|  43|0x00000000e2b00000, 0x00000000e2c00000, 0x00000000e2c00000|100%| S|CS|TAMS 0x00000000e2b00000, 0x00000000e2b00000| Complete 
|  44|0x00000000e2c00000, 0x00000000e2d00000, 0x00000000e2d00000|100%| S|CS|TAMS 0x00000000e2c00000, 0x00000000e2c00000| Complete 
|  45|0x00000000e2d00000, 0x00000000e2e00000, 0x00000000e2e00000|100%| S|CS|TAMS 0x00000000e2d00000, 0x00000000e2d00000| Complete 
|  46|0x00000000e2e00000, 0x00000000e2e00000, 0x00000000e2f00000|  0%| F|  |TAMS 0x00000000e2e00000, 0x00000000e2e00000| Untracked 
|  47|0x00000000e2f00000, 0x00000000e2f00000, 0x00000000e3000000|  0%| F|  |TAMS 0x00000000e2f00000, 0x00000000e2f00000| Untracked 
|  48|0x00000000e3000000, 0x00000000e3000000, 0x00000000e3100000|  0%| F|  |TAMS 0x00000000e3000000, 0x00000000e3000000| Untracked 
|  49|0x00000000e3100000, 0x00000000e3100000, 0x00000000e3200000|  0%| F|  |TAMS 0x00000000e3100000, 0x00000000e3100000| Untracked 
|  50|0x00000000e3200000, 0x00000000e3200000, 0x00000000e3300000|  0%| F|  |TAMS 0x00000000e3200000, 0x00000000e3200000| Untracked 
|  51|0x00000000e3300000, 0x00000000e3300000, 0x00000000e3400000|  0%| F|  |TAMS 0x00000000e3300000, 0x00000000e3300000| Untracked 
|  52|0x00000000e3400000, 0x00000000e3400000, 0x00000000e3500000|  0%| F|  |TAMS 0x00000000e3400000, 0x00000000e3400000| Untracked 
|  53|0x00000000e3500000, 0x00000000e3500000, 0x00000000e3600000|  0%| F|  |TAMS 0x00000000e3500000, 0x00000000e3500000| Untracked 
|  54|0x00000000e3600000, 0x00000000e3600000, 0x00000000e3700000|  0%| F|  |TAMS 0x00000000e3600000, 0x00000000e3600000| Untracked 
|  55|0x00000000e3700000, 0x00000000e3800000, 0x00000000e3800000|100%| S|CS|TAMS 0x00000000e3700000, 0x00000000e3700000| Complete 
|  56|0x00000000e3800000, 0x00000000e3900000, 0x00000000e3900000|100%| S|CS|TAMS 0x00000000e3800000, 0x00000000e3800000| Complete 
|  57|0x00000000e3900000, 0x00000000e3a00000, 0x00000000e3a00000|100%| S|CS|TAMS 0x00000000e3900000, 0x00000000e3900000| Complete 
|  58|0x00000000e3a00000, 0x00000000e3b00000, 0x00000000e3b00000|100%| S|CS|TAMS 0x00000000e3a00000, 0x00000000e3a00000| Complete 
|  59|0x00000000e3b00000, 0x00000000e3c00000, 0x00000000e3c00000|100%| S|CS|TAMS 0x00000000e3b00000, 0x00000000e3b00000| Complete 
|  60|0x00000000e3c00000, 0x00000000e3c00000, 0x00000000e3d00000|  0%| F|  |TAMS 0x00000000e3c00000, 0x00000000e3c00000| Untracked 
|  61|0x00000000e3d00000, 0x00000000e3d00000, 0x00000000e3e00000|  0%| F|  |TAMS 0x00000000e3d00000, 0x00000000e3d00000| Untracked 
|  62|0x00000000e3e00000, 0x00000000e3e00000, 0x00000000e3f00000|  0%| F|  |TAMS 0x00000000e3e00000, 0x00000000e3e00000| Untracked 
|  63|0x00000000e3f00000, 0x00000000e3f00000, 0x00000000e4000000|  0%| F|  |TAMS 0x00000000e3f00000, 0x00000000e3f00000| Untracked 
|  64|0x00000000e4000000, 0x00000000e4000000, 0x00000000e4100000|  0%| F|  |TAMS 0x00000000e4000000, 0x00000000e4000000| Untracked 
|  65|0x00000000e4100000, 0x00000000e4100000, 0x00000000e4200000|  0%| F|  |TAMS 0x00000000e4100000, 0x00000000e4100000| Untracked 
|  66|0x00000000e4200000, 0x00000000e4200000, 0x00000000e4300000|  0%| F|  |TAMS 0x00000000e4200000, 0x00000000e4200000| Untracked 
|  67|0x00000000e4300000, 0x00000000e4300000, 0x00000000e4400000|  0%| F|  |TAMS 0x00000000e4300000, 0x00000000e4300000| Untracked 
|  68|0x00000000e4400000, 0x00000000e4400000, 0x00000000e4500000|  0%| F|  |TAMS 0x00000000e4400000, 0x00000000e4400000| Untracked 
|  69|0x00000000e4500000, 0x00000000e4500000, 0x00000000e4600000|  0%| F|  |TAMS 0x00000000e4500000, 0x00000000e4500000| Untracked 
|  70|0x00000000e4600000, 0x00000000e4600000, 0x00000000e4700000|  0%| F|  |TAMS 0x00000000e4600000, 0x00000000e4600000| Untracked 
|  71|0x00000000e4700000, 0x00000000e4700000, 0x00000000e4800000|  0%| F|  |TAMS 0x00000000e4700000, 0x00000000e4700000| Untracked 
|  72|0x00000000e4800000, 0x00000000e4800000, 0x00000000e4900000|  0%| F|  |TAMS 0x00000000e4800000, 0x00000000e4800000| Untracked 
|  73|0x00000000e4900000, 0x00000000e4900000, 0x00000000e4a00000|  0%| F|  |TAMS 0x00000000e4900000, 0x00000000e4900000| Untracked 
|  74|0x00000000e4a00000, 0x00000000e4a00000, 0x00000000e4b00000|  0%| F|  |TAMS 0x00000000e4a00000, 0x00000000e4a00000| Untracked 
|  75|0x00000000e4b00000, 0x00000000e4b00000, 0x00000000e4c00000|  0%| F|  |TAMS 0x00000000e4b00000, 0x00000000e4b00000| Untracked 
|  76|0x00000000e4c00000, 0x00000000e4c00000, 0x00000000e4d00000|  0%| F|  |TAMS 0x00000000e4c00000, 0x00000000e4c00000| Untracked 
|  77|0x00000000e4d00000, 0x00000000e4d00000, 0x00000000e4e00000|  0%| F|  |TAMS 0x00000000e4d00000, 0x00000000e4d00000| Untracked 
|  78|0x00000000e4e00000, 0x00000000e4e00000, 0x00000000e4f00000|  0%| F|  |TAMS 0x00000000e4e00000, 0x00000000e4e00000| Untracked 
|  79|0x00000000e4f00000, 0x00000000e4f00000, 0x00000000e5000000|  0%| F|  |TAMS 0x00000000e4f00000, 0x00000000e4f00000| Untracked 
|  80|0x00000000e5000000, 0x00000000e5000000, 0x00000000e5100000|  0%| F|  |TAMS 0x00000000e5000000, 0x00000000e5000000| Untracked 
|  81|0x00000000e5100000, 0x00000000e5200000, 0x00000000e5200000|100%| E|  |TAMS 0x00000000e5100000, 0x00000000e5100000| Complete 
|  82|0x00000000e5200000, 0x00000000e5300000, 0x00000000e5300000|100%| E|CS|TAMS 0x00000000e5200000, 0x00000000e5200000| Complete 
|  83|0x00000000e5300000, 0x00000000e5400000, 0x00000000e5400000|100%| E|CS|TAMS 0x00000000e5300000, 0x00000000e5300000| Complete 
|  84|0x00000000e5400000, 0x00000000e5500000, 0x00000000e5500000|100%| E|CS|TAMS 0x00000000e5400000, 0x00000000e5400000| Complete 
|  85|0x00000000e5500000, 0x00000000e5600000, 0x00000000e5600000|100%| E|CS|TAMS 0x00000000e5500000, 0x00000000e5500000| Complete 
|  86|0x00000000e5600000, 0x00000000e5700000, 0x00000000e5700000|100%| E|CS|TAMS 0x00000000e5600000, 0x00000000e5600000| Complete 
|  87|0x00000000e5700000, 0x00000000e5800000, 0x00000000e5800000|100%| E|CS|TAMS 0x00000000e5700000, 0x00000000e5700000| Complete 
|  88|0x00000000e5800000, 0x00000000e5900000, 0x00000000e5900000|100%| E|CS|TAMS 0x00000000e5800000, 0x00000000e5800000| Complete 
|  89|0x00000000e5900000, 0x00000000e5a00000, 0x00000000e5a00000|100%| E|CS|TAMS 0x00000000e5900000, 0x00000000e5900000| Complete 
|  90|0x00000000e5a00000, 0x00000000e5b00000, 0x00000000e5b00000|100%| E|CS|TAMS 0x00000000e5a00000, 0x00000000e5a00000| Complete 
|  91|0x00000000e5b00000, 0x00000000e5c00000, 0x00000000e5c00000|100%| E|CS|TAMS 0x00000000e5b00000, 0x00000000e5b00000| Complete 
|  92|0x00000000e5c00000, 0x00000000e5d00000, 0x00000000e5d00000|100%| E|CS|TAMS 0x00000000e5c00000, 0x00000000e5c00000| Complete 
|  93|0x00000000e5d00000, 0x00000000e5e00000, 0x00000000e5e00000|100%| E|CS|TAMS 0x00000000e5d00000, 0x00000000e5d00000| Complete 
|  94|0x00000000e5e00000, 0x00000000e5f00000, 0x00000000e5f00000|100%| E|CS|TAMS 0x00000000e5e00000, 0x00000000e5e00000| Complete 
|  95|0x00000000e5f00000, 0x00000000e6000000, 0x00000000e6000000|100%| E|CS|TAMS 0x00000000e5f00000, 0x00000000e5f00000| Complete 
|  96|0x00000000e6000000, 0x00000000e6100000, 0x00000000e6100000|100%| E|CS|TAMS 0x00000000e6000000, 0x00000000e6000000| Complete 
|  97|0x00000000e6100000, 0x00000000e6200000, 0x00000000e6200000|100%| E|CS|TAMS 0x00000000e6100000, 0x00000000e6100000| Complete 
|  98|0x00000000e6200000, 0x00000000e6300000, 0x00000000e6300000|100%| E|CS|TAMS 0x00000000e6200000, 0x00000000e6200000| Complete 
|  99|0x00000000e6300000, 0x00000000e6400000, 0x00000000e6400000|100%| E|CS|TAMS 0x00000000e6300000, 0x00000000e6300000| Complete 
| 100|0x00000000e6400000, 0x00000000e6500000, 0x00000000e6500000|100%| E|CS|TAMS 0x00000000e6400000, 0x00000000e6400000| Complete 
| 101|0x00000000e6500000, 0x00000000e6600000, 0x00000000e6600000|100%| E|CS|TAMS 0x00000000e6500000, 0x00000000e6500000| Complete 
| 102|0x00000000e6600000, 0x00000000e6700000, 0x00000000e6700000|100%| E|CS|TAMS 0x00000000e6600000, 0x00000000e6600000| Complete 
| 103|0x00000000e6700000, 0x00000000e6800000, 0x00000000e6800000|100%| E|CS|TAMS 0x00000000e6700000, 0x00000000e6700000| Complete 
| 104|0x00000000e6800000, 0x00000000e6900000, 0x00000000e6900000|100%| E|CS|TAMS 0x00000000e6800000, 0x00000000e6800000| Complete 
| 105|0x00000000e6900000, 0x00000000e6a00000, 0x00000000e6a00000|100%| E|CS|TAMS 0x00000000e6900000, 0x00000000e6900000| Complete 
| 106|0x00000000e6a00000, 0x00000000e6b00000, 0x00000000e6b00000|100%| E|CS|TAMS 0x00000000e6a00000, 0x00000000e6a00000| Complete 
| 107|0x00000000e6b00000, 0x00000000e6c00000, 0x00000000e6c00000|100%| E|CS|TAMS 0x00000000e6b00000, 0x00000000e6b00000| Complete 
| 108|0x00000000e6c00000, 0x00000000e6d00000, 0x00000000e6d00000|100%| E|CS|TAMS 0x00000000e6c00000, 0x00000000e6c00000| Complete 
| 109|0x00000000e6d00000, 0x00000000e6e00000, 0x00000000e6e00000|100%| E|CS|TAMS 0x00000000e6d00000, 0x00000000e6d00000| Complete 
| 110|0x00000000e6e00000, 0x00000000e6f00000, 0x00000000e6f00000|100%| E|CS|TAMS 0x00000000e6e00000, 0x00000000e6e00000| Complete 
| 111|0x00000000e6f00000, 0x00000000e7000000, 0x00000000e7000000|100%| E|CS|TAMS 0x00000000e6f00000, 0x00000000e6f00000| Complete 
| 112|0x00000000e7000000, 0x00000000e7100000, 0x00000000e7100000|100%| E|CS|TAMS 0x00000000e7000000, 0x00000000e7000000| Complete 
| 113|0x00000000e7100000, 0x00000000e7200000, 0x00000000e7200000|100%| E|CS|TAMS 0x00000000e7100000, 0x00000000e7100000| Complete 
| 114|0x00000000e7200000, 0x00000000e7300000, 0x00000000e7300000|100%| E|CS|TAMS 0x00000000e7200000, 0x00000000e7200000| Complete 
| 115|0x00000000e7300000, 0x00000000e7400000, 0x00000000e7400000|100%| E|CS|TAMS 0x00000000e7300000, 0x00000000e7300000| Complete 
| 116|0x00000000e7400000, 0x00000000e7500000, 0x00000000e7500000|100%| E|CS|TAMS 0x00000000e7400000, 0x00000000e7400000| Complete 
| 117|0x00000000e7500000, 0x00000000e7600000, 0x00000000e7600000|100%| E|CS|TAMS 0x00000000e7500000, 0x00000000e7500000| Complete 
| 118|0x00000000e7600000, 0x00000000e7700000, 0x00000000e7700000|100%| E|CS|TAMS 0x00000000e7600000, 0x00000000e7600000| Complete 
| 119|0x00000000e7700000, 0x00000000e7800000, 0x00000000e7800000|100%| E|CS|TAMS 0x00000000e7700000, 0x00000000e7700000| Complete 
| 120|0x00000000e7800000, 0x00000000e7900000, 0x00000000e7900000|100%| E|CS|TAMS 0x00000000e7800000, 0x00000000e7800000| Complete 
| 121|0x00000000e7900000, 0x00000000e7a00000, 0x00000000e7a00000|100%| E|CS|TAMS 0x00000000e7900000, 0x00000000e7900000| Complete 
| 122|0x00000000e7a00000, 0x00000000e7b00000, 0x00000000e7b00000|100%| E|CS|TAMS 0x00000000e7a00000, 0x00000000e7a00000| Complete 
| 123|0x00000000e7b00000, 0x00000000e7c00000, 0x00000000e7c00000|100%| E|CS|TAMS 0x00000000e7b00000, 0x00000000e7b00000| Complete 

Card table byte_map: [0x000001bc2a7c0000,0x000001bc2a8c0000] _byte_map_base: 0x000001bc2a0c0000

Marking Bits (Prev, Next): (CMBitMap*) 0x000001bc13cfbf10, (CMBitMap*) 0x000001bc13cfbed8
 Prev Bits: [0x000001bc2b1c0000, 0x000001bc2b9c0000)
 Next Bits: [0x000001bc2a9c0000, 0x000001bc2b1c0000)

Polling page: 0x000001bc11e30000

Metaspace:

Usage:
  Non-class:     46.16 MB capacity,    45.29 MB ( 98%) used,   715.40 KB (  2%) free+waste,   176.31 KB ( <1%) overhead. 
      Class:      7.24 MB capacity,     6.66 MB ( 92%) used,   502.98 KB (  7%) free+waste,    89.56 KB (  1%) overhead. 
       Both:     53.40 MB capacity,    51.95 MB ( 97%) used,     1.19 MB (  2%) free+waste,   265.88 KB ( <1%) overhead. 

Virtual space:
  Non-class space:       48.00 MB reserved,      46.32 MB ( 97%) committed 
      Class space:        1.00 GB reserved,       7.25 MB ( <1%) committed 
             Both:        1.05 GB reserved,      53.57 MB (  5%) committed 

Chunk freelists:
   Non-Class:  4.00 KB
       Class:  1.38 KB
        Both:  5.38 KB

CodeHeap 'non-profiled nmethods': size=120000Kb used=2743Kb max_used=2743Kb free=117256Kb
 bounds [0x000001bc22e60000, 0x000001bc23110000, 0x000001bc2a390000]
CodeHeap 'profiled nmethods': size=120000Kb used=12497Kb max_used=12497Kb free=107502Kb
 bounds [0x000001bc1b930000, 0x000001bc1c570000, 0x000001bc22e60000]
CodeHeap 'non-nmethods': size=5760Kb used=1237Kb max_used=1269Kb free=4522Kb
 bounds [0x000001bc1b390000, 0x000001bc1b600000, 0x000001bc1b930000]
 total_blobs=6525 nmethods=5930 adapters=506
 compilation: enabled
              stopped_count=0, restarted_count=0
 full_count=0

Compilation events (10 events):
Event: 7.127 Thread 0x000001bc2e431000 5999       1       io.netty.util.internal.AppendableCharSequence::length (5 bytes)
Event: 7.127 Thread 0x000001bc2e431000 nmethod 5999 0x000001bc2310db10 code [0x000001bc2310dca0, 0x000001bc2310dd58]
Event: 7.128 Thread 0x000001bc2e431000 6002       3       java.util.Spliterators$IteratorSpliterator::tryAdvance (77 bytes)
Event: 7.128 Thread 0x000001bc2e431000 nmethod 6002 0x000001bc1c55f590 code [0x000001bc1c55f7a0, 0x000001bc1c55fe58]
Event: 7.128 Thread 0x000001bc2e431000 6003       3       org.openqa.selenium.json.Types::narrow (62 bytes)
Event: 7.128 Thread 0x000001bc2e431000 nmethod 6003 0x000001bc1c560010 code [0x000001bc1c5602e0, 0x000001bc1c561248]
Event: 7.128 Thread 0x000001bc2e431000 6004       3       java.lang.Class::getDeclaredMethods (27 bytes)
Event: 7.129 Thread 0x000001bc2e431000 nmethod 6004 0x000001bc1c561690 code [0x000001bc1c561860, 0x000001bc1c561af8]
Event: 7.130 Thread 0x000001bc2e431000 6005       3       java.net.URI$Parser::scan (41 bytes)
Event: 7.131 Thread 0x000001bc2e431000 nmethod 6005 0x000001bc1c561c10 code [0x000001bc1c561e60, 0x000001bc1c5627b8]

GC Heap History (10 events):
Event: 2.581 GC heap before
{Heap before GC invocations=5 (full 0):
 garbage-first heap   total 126976K, used 75958K [0x00000000e0000000, 0x0000000100000000)
  region size 1024K, 60 young (61440K), 2 survivors (2048K)
 Metaspace       used 27455K, capacity 28306K, committed 28592K, reserved 1075200K
  class space    used 3439K, capacity 3747K, committed 3840K, reserved 1048576K
}
Event: 2.584 GC heap after
{Heap after GC invocations=6 (full 0):
 garbage-first heap   total 126976K, used 18155K [0x00000000e0000000, 0x0000000100000000)
  region size 1024K, 4 young (4096K), 4 survivors (4096K)
 Metaspace       used 27455K, capacity 28306K, committed 28592K, reserved 1075200K
  class space    used 3439K, capacity 3747K, committed 3840K, reserved 1048576K
}
Event: 3.230 GC heap before
{Heap before GC invocations=6 (full 0):
 garbage-first heap   total 126976K, used 80619K [0x00000000e0000000, 0x0000000100000000)
  region size 1024K, 65 young (66560K), 4 survivors (4096K)
 Metaspace       used 33265K, capacity 34249K, committed 34352K, reserved 1079296K
  class space    used 4276K, capacity 4678K, committed 4736K, reserved 1048576K
}
Event: 3.235 GC heap after
{Heap after GC invocations=7 (full 0):
 garbage-first heap   total 126976K, used 20082K [0x00000000e0000000, 0x0000000100000000)
  region size 1024K, 6 young (6144K), 6 survivors (6144K)
 Metaspace       used 33265K, capacity 34249K, committed 34352K, reserved 1079296K
  class space    used 4276K, capacity 4678K, committed 4736K, reserved 1048576K
}
Event: 3.324 GC heap before
{Heap before GC invocations=7 (full 0):
 garbage-first heap   total 126976K, used 25202K [0x00000000e0000000, 0x0000000100000000)
  region size 1024K, 12 young (12288K), 6 survivors (6144K)
 Metaspace       used 34536K, capacity 35609K, committed 35708K, reserved 1081344K
  class space    used 4424K, capacity 4838K, committed 4864K, reserved 1048576K
}
Event: 3.330 GC heap after
{Heap after GC invocations=8 (full 0):
 garbage-first heap   total 126976K, used 20586K [0x00000000e0000000, 0x0000000100000000)
  region size 1024K, 5 young (5120K), 5 survivors (5120K)
 Metaspace       used 34536K, capacity 35609K, committed 35708K, reserved 1081344K
  class space    used 4424K, capacity 4838K, committed 4864K, reserved 1048576K
}
Event: 4.074 GC heap before
{Heap before GC invocations=9 (full 0):
 garbage-first heap   total 126976K, used 86122K [0x00000000e0000000, 0x0000000100000000)
  region size 1024K, 69 young (70656K), 5 survivors (5120K)
 Metaspace       used 42796K, capacity 44015K, committed 44232K, reserved 1087488K
  class space    used 5451K, capacity 5944K, committed 6016K, reserved 1048576K
}
Event: 4.082 GC heap after
{Heap after GC invocations=10 (full 0):
 garbage-first heap   total 126976K, used 24107K [0x00000000e0000000, 0x0000000100000000)
  region size 1024K, 9 young (9216K), 9 survivors (9216K)
 Metaspace       used 42796K, capacity 44015K, committed 44232K, reserved 1087488K
  class space    used 5451K, capacity 5944K, committed 6016K, reserved 1048576K
}
Event: 4.726 GC heap before
{Heap before GC invocations=11 (full 0):
 garbage-first heap   total 126976K, used 89643K [0x00000000e0000000, 0x0000000100000000)
  region size 1024K, 73 young (74752K), 9 survivors (9216K)
 Metaspace       used 49202K, capacity 50600K, committed 50760K, reserved 1093632K
  class space    used 6262K, capacity 6787K, committed 6912K, reserved 1048576K
}
Event: 4.734 GC heap after
{Heap after GC invocations=12 (full 0):
 garbage-first heap   total 126976K, used 28768K [0x00000000e0000000, 0x0000000100000000)
  region size 1024K, 9 young (9216K), 9 survivors (9216K)
 Metaspace       used 49202K, capacity 50600K, committed 50760K, reserved 1093632K
  class space    used 6262K, capacity 6787K, committed 6912K, reserved 1048576K
}

Deoptimization events (10 events):
Event: 7.032 Thread 0x000001bc34845000 Uncommon trap: reason=class_check action=maybe_recompile pc=0x000001bc2308d864 method=java.nio.DirectByteBuffer.<init>(Lsun/nio/ch/DirectBuffer;IIIII)V @ 12 c2
Event: 7.035 Thread 0x000001bc13cd8000 Uncommon trap: reason=class_check action=maybe_recompile pc=0x000001bc230e792c method=org.openqa.selenium.json.Input.fill()Z @ 85 c2
Event: 7.106 Thread 0x000001bc13cd8000 Uncommon trap: reason=profile_predicate action=maybe_recompile pc=0x000001bc230bed5c method=java.util.regex.Pattern$BnM.optimize(Ljava/util/regex/Pattern$Node;)Ljava/util/regex/Pattern$Node; @ 67 c2
Event: 7.106 Thread 0x000001bc13cd8000 Uncommon trap: reason=profile_predicate action=maybe_recompile pc=0x000001bc230bed5c method=java.util.regex.Pattern$BnM.optimize(Ljava/util/regex/Pattern$Node;)Ljava/util/regex/Pattern$Node; @ 67 c2
Event: 7.106 Thread 0x000001bc13cd8000 Uncommon trap: reason=profile_predicate action=maybe_recompile pc=0x000001bc230bed5c method=java.util.regex.Pattern$BnM.optimize(Ljava/util/regex/Pattern$Node;)Ljava/util/regex/Pattern$Node; @ 67 c2
Event: 7.107 Thread 0x000001bc13cd8000 Uncommon trap: reason=profile_predicate action=maybe_recompile pc=0x000001bc230bed5c method=java.util.regex.Pattern$BnM.optimize(Ljava/util/regex/Pattern$Node;)Ljava/util/regex/Pattern$Node; @ 67 c2
Event: 7.115 Thread 0x000001bc34844000 Uncommon trap: reason=bimorphic_or_optimized_type_check action=maybe_recompile pc=0x000001bc230441e0 method=java.io.FilterInputStream.read([BII)I @ 7 c2
Event: 7.115 Thread 0x000001bc34844000 Uncommon trap: reason=class_check action=maybe_recompile pc=0x000001bc23042ac0 method=java.io.FilterInputStream.read()I @ 4 c2
Event: 7.116 Thread 0x000001bc34844000 Uncommon trap: reason=unstable_if action=reinterpret pc=0x000001bc23085054 method=java.io.ByteArrayInputStream.read()I @ 8 c2
Event: 7.128 Thread 0x000001bc13cd8000 Uncommon trap: reason=class_check action=maybe_recompile pc=0x000001bc230e792c method=org.openqa.selenium.json.Input.fill()Z @ 85 c2

Classes redefined (1 events):
Event: 1.671 Thread 0x000001bc2e406800 redefined class name=org.junit.jupiter.api.Assertions, count=1

Internal exceptions (10 events):
Event: 4.347 Thread 0x000001bc13cd8000 Exception <a 'java/lang/NoClassDefFoundError'{0x00000000e62d2ed0}: org/apache/logging/log4j/spi/ExtendedLoggerWrapper> (0x00000000e62d2ed0) thrown at [./open/src/hotspot/share/classfile/systemDictionary.cpp, line 215]
Event: 4.348 Thread 0x000001bc13cd8000 Exception <a 'java/lang/NoClassDefFoundError'{0x00000000e6109ae0}: org/apache/log4j/Priority> (0x00000000e6109ae0) thrown at [./open/src/hotspot/share/classfile/systemDictionary.cpp, line 215]
Event: 4.711 Thread 0x000001bc13cd8000 Exception <a 'java/lang/NoSuchMethodError'{0x00000000e3d76640}: java.lang.invoke.DirectMethodHandle$Holder.invokeVirtual(Ljava/lang/Object;Ljava/lang/Object;)D> (0x00000000e3d76640) thrown at [./open/src/hotspot/share/interpreter/linkResolver.cpp, line 77
Event: 4.711 Thread 0x000001bc13cd8000 Exception <a 'java/lang/NoSuchMethodError'{0x00000000e3d7d630}: java.lang.invoke.DirectMethodHandle$Holder.invokeVirtual(Ljava/lang/Object;Ljava/lang/Object;)F> (0x00000000e3d7d630) thrown at [./open/src/hotspot/share/interpreter/linkResolver.cpp, line 77
Event: 4.712 Thread 0x000001bc13cd8000 Exception <a 'java/lang/NoSuchMethodError'{0x00000000e3d86320}: java.lang.invoke.DirectMethodHandle$Holder.invokeVirtual(Ljava/lang/Object;Ljava/lang/Object;)J> (0x00000000e3d86320) thrown at [./open/src/hotspot/share/interpreter/linkResolver.cpp, line 77
Event: 4.737 Thread 0x000001bc13cd8000 Exception <a 'java/lang/NoSuchMethodError'{0x00000000e7b21f20}: java.lang.invoke.DirectMethodHandle$Holder.invokeStatic(Ljava/lang/Object;Ljava/lang/Object;I)V> (0x00000000e7b21f20) thrown at [./open/src/hotspot/share/interpreter/linkResolver.cpp, line 77
Event: 4.767 Thread 0x000001bc13cd8000 Exception <a 'java/lang/NoSuchMethodError'{0x00000000e780ae00}: java.lang.invoke.DirectMethodHandle$Holder.invokeSpecialIFC(Ljava/lang/Object;Ljava/lang/Object;Ljava/lang/Object;)I> (0x00000000e780ae00) thrown at [./open/src/hotspot/share/interpreter/link
Event: 4.823 Thread 0x000001bc13cd8000 Exception <a 'java/lang/NoSuchMethodError'{0x00000000e71878f0}: java.lang.invoke.DirectMethodHandle$Holder.invokeSpecial(Ljava/lang/Object;Ljava/lang/Object;Ljava/lang/Object;Ljava/lang/Object;Ljava/lang/Object;Ljava/lang/Object;)V> (0x00000000e71878f0) t
Event: 6.992 Thread 0x000001bc13cd8000 Exception <a 'java/lang/NoSuchMethodError'{0x00000000e5a38020}: java.lang.invoke.DirectMethodHandle$Holder.invokeSpecialIFC(Ljava/lang/Object;Ljava/lang/Object;Ljava/lang/Object;)Ljava/lang/Object;> (0x00000000e5a38020) thrown at [./open/src/hotspot/share
Event: 7.097 Thread 0x000001bc13cd8000 Exception <a 'java/lang/ClassNotFoundException'{0x00000000e532e538}: sun/util/logging/resources/spi/loggingProvider> (0x00000000e532e538) thrown at [./open/src/hotspot/share/classfile/systemDictionary.cpp, line 226]

Events (10 events):
Event: 7.117 Executing VM operation: RevokeBias done
Event: 7.128 Thread 0x000001bc13cd8000 Uncommon trap: trap_request=0xffffffde fr.pc=0x000001bc230e792c relative=0x000000000000010c
Event: 7.128 Thread 0x000001bc13cd8000 DEOPT PACKING pc=0x000001bc230e792c sp=0x000000a9e36fa910
Event: 7.128 Thread 0x000001bc13cd8000 DEOPT UNPACKING pc=0x000001bc1b3983af sp=0x000000a9e36fa890 mode 2
Event: 7.128 loading class net/serenitybdd/core/webdriver/driverproviders/EnhanceDriver
Event: 7.128 loading class net/serenitybdd/core/webdriver/driverproviders/EnhanceDriver done
Event: 7.129 loading class net/serenitybdd/core/webdriver/driverproviders/WebDriverInitialisationException
Event: 7.129 loading class net/serenitybdd/core/webdriver/driverproviders/WebDriverInitialisationException done
Event: 7.129 loading class net/serenitybdd/core/webdriver/enhancers/CustomDriverEnhancer
Event: 7.129 loading class net/serenitybdd/core/webdriver/enhancers/CustomDriverEnhancer done


Dynamic libraries:
0x00007ff700d60000 - 0x00007ff700d70000 	C:\Program Files\Java\jdk-11\bin\java.exe
0x00007ff8be7d0000 - 0x00007ff8be9e4000 	C:\WINDOWS\SYSTEM32\ntdll.dll
0x00007ff8bd240000 - 0x00007ff8bd302000 	C:\WINDOWS\System32\KERNEL32.DLL
0x00007ff8bbd10000 - 0x00007ff8bc0b3000 	C:\WINDOWS\System32\KERNELBASE.dll
0x00007ff8bbbf0000 - 0x00007ff8bbd01000 	C:\WINDOWS\System32\ucrtbase.dll
0x00007ff8aa5f0000 - 0x00007ff8aa60b000 	C:\Program Files\Java\jdk-11\bin\VCRUNTIME140.dll
0x00007ff8aaf20000 - 0x00007ff8aaf38000 	C:\Program Files\Java\jdk-11\bin\jli.dll
0x00007ff8bc700000 - 0x00007ff8bc7ae000 	C:\WINDOWS\System32\ADVAPI32.dll
0x00007ff8bd150000 - 0x00007ff8bd1f7000 	C:\WINDOWS\System32\msvcrt.dll
0x00007ff8bc5e0000 - 0x00007ff8bc684000 	C:\WINDOWS\System32\sechost.dll
0x00007ff8be4c0000 - 0x00007ff8be5d7000 	C:\WINDOWS\System32\RPCRT4.dll
0x00007ff8bd310000 - 0x00007ff8bd4bb000 	C:\WINDOWS\System32\USER32.dll
0x00007ff8a13e0000 - 0x00007ff8a166e000 	C:\WINDOWS\WinSxS\amd64_microsoft.windows.common-controls_6595b64144ccf1df_6.0.22621.1635_none_270f70857386168e\COMCTL32.dll
0x00007ff8bc0c0000 - 0x00007ff8bc0e6000 	C:\WINDOWS\System32\win32u.dll
0x00007ff8bd120000 - 0x00007ff8bd149000 	C:\WINDOWS\System32\GDI32.dll
0x00007ff8bc2c0000 - 0x00007ff8bc3d8000 	C:\WINDOWS\System32\gdi32full.dll
0x00007ff8bc0f0000 - 0x00007ff8bc18a000 	C:\WINDOWS\System32\msvcp_win.dll
0x00007ff8b0dc0000 - 0x00007ff8b0dca000 	C:\WINDOWS\SYSTEM32\VERSION.dll
0x00007ff8bd200000 - 0x00007ff8bd231000 	C:\WINDOWS\System32\IMM32.DLL
0x00007ff8ab270000 - 0x00007ff8ab27c000 	C:\Program Files\Java\jdk-11\bin\vcruntime140_1.dll
0x00007ff8a37c0000 - 0x00007ff8a384e000 	C:\Program Files\Java\jdk-11\bin\msvcp140.dll
0x00007ff85e150000 - 0x00007ff85ecb8000 	C:\Program Files\Java\jdk-11\bin\server\jvm.dll
0x00007ff8be600000 - 0x00007ff8be608000 	C:\WINDOWS\System32\PSAPI.DLL
0x00007ff8b0ad0000 - 0x00007ff8b0ad9000 	C:\WINDOWS\SYSTEM32\WSOCK32.dll
0x00007ff8b0cc0000 - 0x00007ff8b0cf4000 	C:\WINDOWS\SYSTEM32\WINMM.dll
0x00007ff8bdf90000 - 0x00007ff8be001000 	C:\WINDOWS\System32\WS2_32.dll
0x00007ff8bacf0000 - 0x00007ff8bad08000 	C:\WINDOWS\SYSTEM32\kernel.appcore.dll
0x00007ff8ab1b0000 - 0x00007ff8ab1c0000 	C:\Program Files\Java\jdk-11\bin\verify.dll
0x00007ff8b9320000 - 0x00007ff8b954e000 	C:\WINDOWS\SYSTEM32\DBGHELP.DLL
0x00007ff8be010000 - 0x00007ff8be399000 	C:\WINDOWS\System32\combase.dll
0x00007ff8bcf30000 - 0x00007ff8bd007000 	C:\WINDOWS\System32\OLEAUT32.dll
0x00007ff891510000 - 0x00007ff891542000 	C:\WINDOWS\SYSTEM32\dbgcore.DLL
0x00007ff8bc3e0000 - 0x00007ff8bc45b000 	C:\WINDOWS\System32\bcryptPrimitives.dll
0x00007ff8aa530000 - 0x00007ff8aa558000 	C:\Program Files\Java\jdk-11\bin\java.dll
0x00007ff8ab140000 - 0x00007ff8ab14a000 	C:\Program Files\Java\jdk-11\bin\jimage.dll
0x00007ff8aa510000 - 0x00007ff8aa527000 	C:\Program Files\Java\jdk-11\bin\zip.dll
0x00007ff8bd4c0000 - 0x00007ff8bdcba000 	C:\WINDOWS\System32\SHELL32.dll
0x00007ff8b9bb0000 - 0x00007ff8ba47e000 	C:\WINDOWS\SYSTEM32\windows.storage.dll
0x00007ff8b9a70000 - 0x00007ff8b9bae000 	C:\WINDOWS\SYSTEM32\wintypes.dll
0x00007ff8be690000 - 0x00007ff8be781000 	C:\WINDOWS\System32\SHCORE.dll
0x00007ff8bdcc0000 - 0x00007ff8bdd1e000 	C:\WINDOWS\System32\shlwapi.dll
0x00007ff8bbb20000 - 0x00007ff8bbb41000 	C:\WINDOWS\SYSTEM32\profapi.dll
0x00007ff8a9900000 - 0x00007ff8a9919000 	C:\Program Files\Java\jdk-11\bin\net.dll
0x00007ff8b3140000 - 0x00007ff8b3277000 	C:\WINDOWS\SYSTEM32\WINHTTP.dll
0x00007ff8bb150000 - 0x00007ff8bb1b9000 	C:\WINDOWS\system32\mswsock.dll
0x00007ff8a9650000 - 0x00007ff8a9662000 	C:\Program Files\Java\jdk-11\bin\nio.dll
0x00007ff8bb470000 - 0x00007ff8bb48b000 	C:\WINDOWS\SYSTEM32\CRYPTSP.dll
0x00007ff8bac60000 - 0x00007ff8bac95000 	C:\WINDOWS\system32\rsaenh.dll
0x00007ff8bb1f0000 - 0x00007ff8bb218000 	C:\WINDOWS\SYSTEM32\USERENV.dll
0x00007ff8bb5a0000 - 0x00007ff8bb5c8000 	C:\WINDOWS\SYSTEM32\bcrypt.dll
0x00007ff8bb450000 - 0x00007ff8bb45c000 	C:\WINDOWS\SYSTEM32\CRYPTBASE.dll
0x00007ff8ba740000 - 0x00007ff8ba76d000 	C:\WINDOWS\SYSTEM32\IPHLPAPI.DLL
0x00007ff8bc690000 - 0x00007ff8bc699000 	C:\WINDOWS\System32\NSI.dll
0x00007ff8b0d50000 - 0x00007ff8b0d69000 	C:\WINDOWS\SYSTEM32\dhcpcsvc6.DLL
0x00007ff8b0d30000 - 0x00007ff8b0d4f000 	C:\WINDOWS\SYSTEM32\dhcpcsvc.DLL
0x00007ff8ba770000 - 0x00007ff8ba863000 	C:\WINDOWS\SYSTEM32\DNSAPI.dll
0x00007ff8b5320000 - 0x00007ff8b532e000 	C:\Program Files\Java\jdk-11\bin\instrument.dll
0x00007ff8ab0d0000 - 0x00007ff8ab0f7000 	C:\Program Files\Java\jdk-11\bin\sunec.dll
0x00007ff8af340000 - 0x00007ff8af34a000 	C:\Windows\System32\rasadhlp.dll
0x00007ff8afd20000 - 0x00007ff8afda4000 	C:\WINDOWS\System32\fwpuclnt.dll
0x00007ff8b53b0000 - 0x00007ff8b53b9000 	C:\Program Files\Java\jdk-11\bin\management.dll
0x00007ff8b5310000 - 0x00007ff8b531b000 	C:\Program Files\Java\jdk-11\bin\management_ext.dll

dbghelp: loaded successfully - version: 4.0.5 - missing functions: none
symbol engine: initialized successfully - sym options: 0x614 - pdb path: .;C:\Program Files\Java\jdk-11\bin;C:\WINDOWS\SYSTEM32;C:\WINDOWS\WinSxS\amd64_microsoft.windows.common-controls_6595b64144ccf1df_6.0.22621.1635_none_270f70857386168e;C:\Program Files\Java\jdk-11\bin\server

VM Arguments:
jvm_args: -Dorg.gradle.internal.worker.tmpdir=C:\Users\user\Desktop\reto1\build\tmp\test\work -Dorg.gradle.native=false -Xmx512m -Dfile.encoding=windows-1252 -Duser.country=CO -Duser.language=es -Duser.variant -ea 
java_command: worker.org.gradle.process.internal.worker.GradleWorkerMain 'Gradle Test Executor 6'
java_class_path (initial): C:\\Users\\user\\.gradle\\caches\\8.0\\workerMain\\gradle-worker.jar;C:\\Users\\user\\Desktop\\reto1\\build\\classes\\java\\test;C:\\Users\\user\\Desktop\\reto1\\build\\resources\\test;C:\\Users\\user\\Desktop\\reto1\\build\\classes\\java\\main;C:\\Users\\user\\.gradle\\caches\\modules-2\\files-2.1\\net.serenity-bdd\\serenity-junit5\\3.3.0\\773a45606eb7eed9add6b02fefa61616a74e9adf\\serenity-junit5-3.3.0.jar;C:\\Users\\user\\.gradle\\caches\\modules-2\\files-2.1\\net.serenity-bdd\\serenity-cucumber\\3.6.0\\d0cca52ca211313eb61b406ba7694f5dc50a6bab\\serenity-cucumber-3.6.0.jar;C:\\Users\\user\\.gradle\\caches\\modules-2\\files-2.1\\net.serenity-bdd\\serenity-screenplay-webdriver\\3.6.0\\120e9337cb4050f6992976db84cd59300153b5d4\\serenity-screenplay-webdriver-3.6.0.jar;C:\\Users\\user\\.gradle\\caches\\modules-2\\files-2.1\\net.serenity-bdd\\serenity-screenplay\\3.6.0\\4841e07b4db8fce40875e416280654ff9423661c\\serenity-screenplay-3.6.0.jar;C:\\Users\\user\\.gradle\\caches\\modules-2\\files-2.1\\net.serenity-bdd\\serenity-core\\3.6.0\\5fab34f1a37d65b1e87a3941b3ff2a970176cb7a\\serenity-core-3.6.0.jar;C:\\Users\\user\\.gradle\\caches\\modules-2\\files-2.1\\org.apache.poi\\poi-ooxml\\3.17\\7d8c44407178b73246462842bf1e206e99c8e0a\\poi-ooxml-3.17.jar;C:\\Users\\user\\.gradle\\caches\\modules-2\\files-2.1\\org.apache.poi\\poi\\3.17\\ae92292a2043888b40d418da97dc0b669fde326\\poi-3.17.jar;C:\\Users\\user\\.gradle\\caches\\modules-2\\files-2.1\\org.slf4j\\slf4j-simple\\1.7.7\\8095d0b9f7e0a9cd79a663c740e0f8fb31d0e2c8\\slf4j-simple-1.7.7.jar;C:\\Users\\user\\.gradle\\caches\\modules-2\\files-2.1\\net.serenity-bdd\\serenity-reports\\3.6.0\\f3cda6a54e0531226bb5aa6f9a31cb7199345a76\\serenity-reports-3.6.0.jar;C:\\Users\\user\\.gradle\\caches\\modules-2\\files-2.1\\net.serenity-bdd\\serenity-stats\\3.6.0\\bc3420bc71b30401c72893a0166d2a34aa6593d4\\serenity-stats-3.6.0.jar;C:\\Users\\user\\.gradle\\caches\\modules-2\\files-2.1\\net.serenity-bdd\\serenity-report
Launcher Type: SUN_STANDARD

[Global flags]
     intx CICompilerCount                          = 4                                         {product} {ergonomic}
     uint ConcGCThreads                            = 2                                         {product} {ergonomic}
     uint G1ConcRefinementThreads                  = 8                                         {product} {ergonomic}
   size_t G1HeapRegionSize                         = 1048576                                   {product} {ergonomic}
    uintx GCDrainStackTargetSize                   = 64                                        {product} {ergonomic}
   size_t InitialHeapSize                          = 130023424                                 {product} {ergonomic}
   size_t MarkStackSize                            = 4194304                                   {product} {ergonomic}
   size_t MaxHeapSize                              = 536870912                                 {product} {command line}
   size_t MaxNewSize                               = 321912832                                 {product} {ergonomic}
   size_t MinHeapDeltaBytes                        = 1048576                                   {product} {ergonomic}
    uintx NonNMethodCodeHeapSize                   = 5836300                                {pd product} {ergonomic}
    uintx NonProfiledCodeHeapSize                  = 122910970                              {pd product} {ergonomic}
    uintx ProfiledCodeHeapSize                     = 122910970                              {pd product} {ergonomic}
    uintx ReservedCodeCacheSize                    = 251658240                              {pd product} {ergonomic}
     bool SegmentedCodeCache                       = true                                      {product} {ergonomic}
     bool UseCompressedClassPointers               = true                                 {lp64_product} {ergonomic}
     bool UseCompressedOops                        = true                                 {lp64_product} {ergonomic}
     bool UseG1GC                                  = true                                      {product} {ergonomic}
     bool UseLargePagesIndividualAllocation        = false                                  {pd product} {ergonomic}

Logging:
Log output configuration:
 #0: stdout all=warning uptime,level,tags
 #1: stderr all=off uptime,level,tags

Environment Variables:
JAVA_HOME=C:\jdk-17.0.3.1
PATH=C:\ProgramData\Oracle\Java\javapath;C:\Python310\Scripts\;C:\Python310\;C:\Program Files\Common Files\Oracle\Java\javapath;C:\Program Files (x86)\Common Files\Oracle\Java\javapath;C:\Windows\system32;C:\Windows;C:\Windows\System32\Wbem;C:\Windows\System32\WindowsPowerShell\v1.0\;C:\Windows\System32\OpenSSH\;C:\ProgramData\chocolatey\bin;C:\Program Files\Microsoft VS Code\bin;C:\Program Files\dotnet\;C:\xampp\php;C:\Program Files\Git\cmd;C:\ProgramData\ComposerSetup\bin;C:\Program Files\nodejs\;C:\Program Files\Microsoft SQL Server\150\Tools\Binn\;C:\WINDOWS\system32;C:\WINDOWS;C:\WINDOWS\System32\Wbem;C:\WINDOWS\System32\WindowsPowerShell\v1.0\;C:\WINDOWS\System32\OpenSSH\;C:\gradle-8.1.1\bin;C:\Users\user\AppData\Local\Microsoft\WindowsApps;C:\Program Files\Azure Data Studio\bin;C:\flutter\bin;C:\jdk-17.0.3.1\bin;C:\Users\user\AppData\Roaming\Composer\vendor\bin;C:\Users\user\AppData\Roaming\npm;C:\Users\user\AppData\Local\JetBrains\Toolbox\scripts;C:\Users\user\AppData\Local\Microsoft\WindowsApps;C:\gradle-8.1.1\bin;
USERNAME=user
OS=Windows_NT
PROCESSOR_IDENTIFIER=Intel64 Family 6 Model 140 Stepping 1, GenuineIntel



---------------  S Y S T E M  ---------------

OS: Windows 11 , 64 bit Build 22621 (10.0.22621.1635)
Hyper-V role detected

CPU:total 8 (initial active 8) (4 cores per cpu, 2 threads per core) family 6 model 140 stepping 1 microcode 0x86, cmov, cx8, fxsr, mmx, sse, sse2, sse3, ssse3, sse4.1, sse4.2, popcnt, avx, avx2, aes, clmul, erms, 3dnowpref, lzcnt, ht, tsc, tscinvbit, bmi1, bmi2, adx, evex, sha, fma

Memory: 4k page, system-wide physical 7874M (431M free)
TotalPageFile size 32450M (AvailPageFile size 2M)
current process WorkingSet (physical memory assigned to process): 258M, peak: 278M
current process commit charge ("private bytes"): 325M, peak: 338M

vm_info: Java HotSpot(TM) 64-Bit Server VM (11.0.18+9-LTS-195) for windows-amd64 JRE (11.0.18+9-LTS-195), built on Dec  6 2022 15:50:58 by "mach5one" with MS VC++ 17.1 (VS2022)

END.
